TOP.6a3cd0d7.00074895	START
TOP.6a3cd0d7.00074895	folder_config->cwd	C:\Users\user\Desktop\pcap_analysis\hashcat
TOP.6a3cd0d7.00074895	folder_config->install_dir	.
TOP.6a3cd0d7.00074895	folder_config->profile_dir	.
TOP.6a3cd0d7.00074895	folder_config->session_dir	.
TOP.6a3cd0d7.00074895	folder_config->shared_dir	.
TOP.6a3cd0d7.00074895	user_options->encoding_from	utf-8
TOP.6a3cd0d7.00074895	user_options->encoding_to	utf-8
TOP.6a3cd0d7.00074895	user_options->outfile	C:/Users/user/AppData/Local/Temp/t.out
TOP.6a3cd0d7.00074895	user_options->rule_buf_l	:
TOP.6a3cd0d7.00074895	user_options->rule_buf_r	:
TOP.6a3cd0d7.00074895	user_options->session	hashcat
TOP.6a3cd0d7.00074895	user_options->separator	:
TOP.6a3cd0d7.00074895	user_options->limit	0
TOP.6a3cd0d7.00074895	user_options->skip	0
TOP.6a3cd0d7.00074895	user_options->attack_mode	0
TOP.6a3cd0d7.00074895	user_options->backend_devices_virtmulti	1
TOP.6a3cd0d7.00074895	user_options->backend_devices_virthost	1
TOP.6a3cd0d7.00074895	user_options->backend_devices_keepfree	0
TOP.6a3cd0d7.00074895	user_options->benchmark	0
TOP.6a3cd0d7.00074895	user_options->benchmark_all	0
TOP.6a3cd0d7.00074895	user_options->benchmark_max	99999
TOP.6a3cd0d7.00074895	user_options->benchmark_min	0
TOP.6a3cd0d7.00074895	user_options->bitmap_max	18
TOP.6a3cd0d7.00074895	user_options->bitmap_min	16
TOP.6a3cd0d7.00074895	user_options->debug_mode	0
TOP.6a3cd0d7.00074895	user_options->dynamic_x	0
TOP.6a3cd0d7.00074895	user_options->hash_info	0
TOP.6a3cd0d7.00074895	user_options->force	0
TOP.6a3cd0d7.00074895	user_options->hwmon	1
TOP.6a3cd0d7.00074895	user_options->hwmon_temp_abort	90
TOP.6a3cd0d7.00074895	user_options->hash_mode	0
TOP.6a3cd0d7.00074895	user_options->hex_charset	0
TOP.6a3cd0d7.00074895	user_options->hex_salt	0
TOP.6a3cd0d7.00074895	user_options->hex_wordlist	0
TOP.6a3cd0d7.00074895	user_options->hook_threads	48
TOP.6a3cd0d7.00074895	user_options->identify	0
TOP.6a3cd0d7.00074895	user_options->increment	0
TOP.6a3cd0d7.00074895	user_options->increment_max	256
TOP.6a3cd0d7.00074895	user_options->increment_min	1
TOP.6a3cd0d7.00074895	user_options->keep_guessing	0
TOP.6a3cd0d7.00074895	user_options->kernel_accel	0
TOP.6a3cd0d7.00074895	user_options->kernel_loops	0
TOP.6a3cd0d7.00074895	user_options->kernel_threads	0
TOP.6a3cd0d7.00074895	user_options->keyspace	0
TOP.6a3cd0d7.00074895	user_options->total_candidates	0
TOP.6a3cd0d7.00074895	user_options->left	0
TOP.6a3cd0d7.00074895	user_options->logfile	1
TOP.6a3cd0d7.00074895	user_options->loopback	0
TOP.6a3cd0d7.00074895	user_options->machine_readable	0
TOP.6a3cd0d7.00074895	user_options->markov_classic	0
TOP.6a3cd0d7.00074895	user_options->markov	1
TOP.6a3cd0d7.00074895	user_options->markov_inverse	0
TOP.6a3cd0d7.00074895	user_options->markov_threshold	256
TOP.6a3cd0d7.00074895	user_options->metal_compiler_runtime	120
TOP.6a3cd0d7.00074895	user_options->multiply_accel	1
TOP.6a3cd0d7.00074895	user_options->backend_info	0
TOP.6a3cd0d7.00074895	user_options->backend_vector_width	0
TOP.6a3cd0d7.00074895	user_options->optimized_kernel	0
TOP.6a3cd0d7.00074895	user_options->outfile_autohex	1
TOP.6a3cd0d7.00074895	user_options->outfile_check_timer	5
TOP.6a3cd0d7.00074895	user_options->outfile_format	3
TOP.6a3cd0d7.00074895	user_options->outfile_json	0
TOP.6a3cd0d7.00074895	user_options->wordlist_autohex	1
TOP.6a3cd0d7.00074895	user_options->potfile	0
TOP.6a3cd0d7.00074895	user_options->progress_only	0
TOP.6a3cd0d7.00074895	user_options->quiet	0
TOP.6a3cd0d7.00074895	user_options->remove	0
TOP.6a3cd0d7.00074895	user_options->remove_timer	60
TOP.6a3cd0d7.00074895	user_options->restore	0
TOP.6a3cd0d7.00074895	user_options->restore_enable	1
TOP.6a3cd0d7.00074895	user_options->restore_timer	1
TOP.6a3cd0d7.00074895	user_options->rp_files_cnt	0
TOP.6a3cd0d7.00074895	user_options->rp_gen	0
TOP.6a3cd0d7.00074895	user_options->rp_gen_func_max	4
TOP.6a3cd0d7.00074895	user_options->rp_gen_func_min	1
TOP.6a3cd0d7.00074895	user_options->rp_gen_seed	0
TOP.6a3cd0d7.00074895	user_options->runtime	0
TOP.6a3cd0d7.00074895	user_options->scrypt_tmto	0
TOP.6a3cd0d7.00074895	user_options->segment_size	33554432
TOP.6a3cd0d7.00074895	user_options->self_test	1
TOP.6a3cd0d7.00074895	user_options->slow_candidates	0
TOP.6a3cd0d7.00074895	user_options->show	0
TOP.6a3cd0d7.00074895	user_options->speed_only	0
TOP.6a3cd0d7.00074895	user_options->spin_damp	0
TOP.6a3cd0d7.00074895	user_options->status	0
TOP.6a3cd0d7.00074895	user_options->status_json	1
TOP.6a3cd0d7.00074895	user_options->status_timer	2
TOP.6a3cd0d7.00074895	user_options->stdout_flag	0
TOP.6a3cd0d7.00074895	user_options->usage	0
TOP.6a3cd0d7.00074895	user_options->username	0
TOP.6a3cd0d7.00074895	user_options->veracrypt_pim_start	485
TOP.6a3cd0d7.00074895	user_options->veracrypt_pim_stop	485
TOP.6a3cd0d7.00074895	user_options->version	0
TOP.6a3cd0d7.00074895	user_options->workload_profile	2
TOP.6a3cd0d7.00074895	user_options->brain_client	0
TOP.6a3cd0d7.00074895	user_options->brain_client_features	2
TOP.6a3cd0d7.00074895	user_options->brain_server	0
TOP.6a3cd0d7.00074895	user_options->brain_server_timer	300
TOP.6a3cd0d7.00074895	user_options->brain_port	6863
TOP.6a3cd0d7.00074895	user_options->brain_session	0
TOP.6a3cd0d7.00074895	hashes->hashfile	C:/Users/user/AppData/Local/Temp/t.hash
TOP.6a3cd0d7.00074895	hashes->hashlist_mode	5
TOP.6a3cd0d7.00074895	hashes->hashlist_format	0
TOP.6a3cd0d7.00074895	hashes->hashes_cnt	0
TOP.6a3cd0d7.00074895	hashes->digests_cnt	1
TOP.6a3cd0d7.00074895	hashes->digests_done_pot	0
TOP.6a3cd0d7.00074895	hashes->digests_done_zero	0
TOP.6a3cd0d7.00074895	hashes->digests_done	0
TOP.6a3cd0d7.00074895	hashes->salts_cnt	1
TOP.6a3cd0d7.00074895	hashes->salts_done	0
TOP.6a3cd0d7.00074895	SUB.6a3cd0de.000a1ae4	START
TOP.6a3cd0d7.00074895	SUB.6a3cd0de.000a1ae4	straight_ctx->dict	C:/Users/user/AppData/Local/Temp/t.dict
TOP.6a3cd0d7.00074895	SUB.6a3cd0de.000a1ae4	runtime_start	1782370526
TOP.6a3cd0d7.00074895	SUB.6a3cd0de.000a1ae4	runtime_stop	1782370527
TOP.6a3cd0d7.00074895	SUB.6a3cd0de.000a1ae4	hashes->digests_done_new	1
TOP.6a3cd0d7.00074895	SUB.6a3cd0de.000a1ae4	status-after-work	6
TOP.6a3cd0d7.00074895	SUB.6a3cd0de.000a1ae4	STOP
TOP.6a3cd0d7.00074895	proc_start	1782370519
TOP.6a3cd0d7.00074895	proc_stop	1782370528
TOP.6a3cd0d7.00074895	STOP
TOP.6a3cd27c.0002db66	START
TOP.6a3cd27c.0002db66	folder_config->cwd	C:\Users\user\Desktop\pcap_analysis\hashcat
TOP.6a3cd27c.0002db66	folder_config->install_dir	.
TOP.6a3cd27c.0002db66	folder_config->profile_dir	.
TOP.6a3cd27c.0002db66	folder_config->session_dir	.
TOP.6a3cd27c.0002db66	folder_config->shared_dir	.
TOP.6a3cd27c.0002db66	user_options->encoding_from	utf-8
TOP.6a3cd27c.0002db66	user_options->encoding_to	utf-8
TOP.6a3cd27c.0002db66	user_options->outfile	C:\Users\user\Desktop\pcap_analysis\job1.out
TOP.6a3cd27c.0002db66	user_options->potfile_path	C:\Users\user\Desktop\pcap_analysis\job1.potfile
TOP.6a3cd27c.0002db66	user_options->rule_buf_l	:
TOP.6a3cd27c.0002db66	user_options->rule_buf_r	:
TOP.6a3cd27c.0002db66	user_options->session	hashcat
TOP.6a3cd27c.0002db66	user_options->separator	:
TOP.6a3cd27c.0002db66	user_options->limit	0
TOP.6a3cd27c.0002db66	user_options->skip	0
TOP.6a3cd27c.0002db66	user_options->attack_mode	0
TOP.6a3cd27c.0002db66	user_options->backend_devices_virtmulti	1
TOP.6a3cd27c.0002db66	user_options->backend_devices_virthost	1
TOP.6a3cd27c.0002db66	user_options->backend_devices_keepfree	0
TOP.6a3cd27c.0002db66	user_options->benchmark	0
TOP.6a3cd27c.0002db66	user_options->benchmark_all	0
TOP.6a3cd27c.0002db66	user_options->benchmark_max	99999
TOP.6a3cd27c.0002db66	user_options->benchmark_min	0
TOP.6a3cd27c.0002db66	user_options->bitmap_max	18
TOP.6a3cd27c.0002db66	user_options->bitmap_min	16
TOP.6a3cd27c.0002db66	user_options->debug_mode	0
TOP.6a3cd27c.0002db66	user_options->dynamic_x	0
TOP.6a3cd27c.0002db66	user_options->hash_info	0
TOP.6a3cd27c.0002db66	user_options->force	0
TOP.6a3cd27c.0002db66	user_options->hwmon	1
TOP.6a3cd27c.0002db66	user_options->hwmon_temp_abort	90
TOP.6a3cd27c.0002db66	user_options->hash_mode	5600
TOP.6a3cd27c.0002db66	user_options->hex_charset	0
TOP.6a3cd27c.0002db66	user_options->hex_salt	0
TOP.6a3cd27c.0002db66	user_options->hex_wordlist	0
TOP.6a3cd27c.0002db66	user_options->hook_threads	48
TOP.6a3cd27c.0002db66	user_options->identify	0
TOP.6a3cd27c.0002db66	user_options->increment	0
TOP.6a3cd27c.0002db66	user_options->increment_max	256
TOP.6a3cd27c.0002db66	user_options->increment_min	1
TOP.6a3cd27c.0002db66	user_options->keep_guessing	0
TOP.6a3cd27c.0002db66	user_options->kernel_accel	0
TOP.6a3cd27c.0002db66	user_options->kernel_loops	0
TOP.6a3cd27c.0002db66	user_options->kernel_threads	0
TOP.6a3cd27c.0002db66	user_options->keyspace	0
TOP.6a3cd27c.0002db66	user_options->total_candidates	0
TOP.6a3cd27c.0002db66	user_options->left	0
TOP.6a3cd27c.0002db66	user_options->logfile	1
TOP.6a3cd27c.0002db66	user_options->loopback	0
TOP.6a3cd27c.0002db66	user_options->machine_readable	0
TOP.6a3cd27c.0002db66	user_options->markov_classic	0
TOP.6a3cd27c.0002db66	user_options->markov	1
TOP.6a3cd27c.0002db66	user_options->markov_inverse	0
TOP.6a3cd27c.0002db66	user_options->markov_threshold	256
TOP.6a3cd27c.0002db66	user_options->metal_compiler_runtime	120
TOP.6a3cd27c.0002db66	user_options->multiply_accel	1
TOP.6a3cd27c.0002db66	user_options->backend_info	0
TOP.6a3cd27c.0002db66	user_options->backend_vector_width	0
TOP.6a3cd27c.0002db66	user_options->optimized_kernel	0
TOP.6a3cd27c.0002db66	user_options->outfile_autohex	1
TOP.6a3cd27c.0002db66	user_options->outfile_check_timer	5
TOP.6a3cd27c.0002db66	user_options->outfile_format	3
TOP.6a3cd27c.0002db66	user_options->outfile_json	0
TOP.6a3cd27c.0002db66	user_options->wordlist_autohex	1
TOP.6a3cd27c.0002db66	user_options->potfile	1
TOP.6a3cd27c.0002db66	user_options->progress_only	0
TOP.6a3cd27c.0002db66	user_options->quiet	0
TOP.6a3cd27c.0002db66	user_options->remove	0
TOP.6a3cd27c.0002db66	user_options->remove_timer	60
TOP.6a3cd27c.0002db66	user_options->restore	0
TOP.6a3cd27c.0002db66	user_options->restore_enable	1
TOP.6a3cd27c.0002db66	user_options->restore_timer	1
TOP.6a3cd27c.0002db66	user_options->rp_files_cnt	0
TOP.6a3cd27c.0002db66	user_options->rp_gen	0
TOP.6a3cd27c.0002db66	user_options->rp_gen_func_max	4
TOP.6a3cd27c.0002db66	user_options->rp_gen_func_min	1
TOP.6a3cd27c.0002db66	user_options->rp_gen_seed	0
TOP.6a3cd27c.0002db66	user_options->runtime	0
TOP.6a3cd27c.0002db66	user_options->scrypt_tmto	0
TOP.6a3cd27c.0002db66	user_options->segment_size	33554432
TOP.6a3cd27c.0002db66	user_options->self_test	1
TOP.6a3cd27c.0002db66	user_options->slow_candidates	0
TOP.6a3cd27c.0002db66	user_options->show	0
TOP.6a3cd27c.0002db66	user_options->speed_only	0
TOP.6a3cd27c.0002db66	user_options->spin_damp	0
TOP.6a3cd27c.0002db66	user_options->status	1
TOP.6a3cd27c.0002db66	user_options->status_json	1
TOP.6a3cd27c.0002db66	user_options->status_timer	1
TOP.6a3cd27c.0002db66	user_options->stdout_flag	0
TOP.6a3cd27c.0002db66	user_options->usage	0
TOP.6a3cd27c.0002db66	user_options->username	0
TOP.6a3cd27c.0002db66	user_options->veracrypt_pim_start	485
TOP.6a3cd27c.0002db66	user_options->veracrypt_pim_stop	485
TOP.6a3cd27c.0002db66	user_options->version	0
TOP.6a3cd27c.0002db66	user_options->workload_profile	3
TOP.6a3cd27c.0002db66	user_options->brain_client	0
TOP.6a3cd27c.0002db66	user_options->brain_client_features	2
TOP.6a3cd27c.0002db66	user_options->brain_server	0
TOP.6a3cd27c.0002db66	user_options->brain_server_timer	300
TOP.6a3cd27c.0002db66	user_options->brain_port	6863
TOP.6a3cd27c.0002db66	user_options->brain_session	0
TOP.6a3cd27c.0002db66	hashes->hashfile	C:\Users\user\Desktop\pcap_analysis\lab_capture_netntlmv2.txt
TOP.6a3cd27c.0002db66	hashes->hashlist_mode	5
TOP.6a3cd27c.0002db66	hashes->hashlist_format	0
TOP.6a3cd27c.0002db66	hashes->hashes_cnt	0
TOP.6a3cd27c.0002db66	hashes->digests_cnt	1
TOP.6a3cd27c.0002db66	hashes->digests_done_pot	0
TOP.6a3cd27c.0002db66	hashes->digests_done_zero	0
TOP.6a3cd27c.0002db66	hashes->digests_done	0
TOP.6a3cd27c.0002db66	hashes->salts_cnt	1
TOP.6a3cd27c.0002db66	hashes->salts_done	0
TOP.6a3cd27c.0002db66	SUB.6a3cd285.000f1111	START
TOP.6a3cd27c.0002db66	SUB.6a3cd285.000f1111	straight_ctx->dict	C:\Users\user\Desktop\pcap_analysis\dictionary\test.txt
TOP.6a3cd27c.0002db66	SUB.6a3cd285.000f1111	runtime_start	1782370950
TOP.6a3cd27c.0002db66	SUB.6a3cd285.000f1111	runtime_stop	1782370950
TOP.6a3cd27c.0002db66	SUB.6a3cd285.000f1111	hashes->digests_done_new	1
TOP.6a3cd27c.0002db66	SUB.6a3cd285.000f1111	status-after-work	6
TOP.6a3cd27c.0002db66	SUB.6a3cd285.000f1111	STOP
TOP.6a3cd27c.0002db66	proc_start	1782370940
TOP.6a3cd27c.0002db66	proc_stop	1782370951
TOP.6a3cd27c.0002db66	STOP
TOP.6a3cd2cf.00032f87	START
TOP.6a3cd2cf.00032f87	folder_config->cwd	C:\Users\user\Desktop\pcap_analysis\hashcat
TOP.6a3cd2cf.00032f87	folder_config->install_dir	.
TOP.6a3cd2cf.00032f87	folder_config->profile_dir	.
TOP.6a3cd2cf.00032f87	folder_config->session_dir	.
TOP.6a3cd2cf.00032f87	folder_config->shared_dir	.
TOP.6a3cd2cf.00032f87	user_options->encoding_from	utf-8
TOP.6a3cd2cf.00032f87	user_options->encoding_to	utf-8
TOP.6a3cd2cf.00032f87	user_options->outfile	C:\Users\user\Desktop\pcap_analysis\job2.out
TOP.6a3cd2cf.00032f87	user_options->potfile_path	C:\Users\user\Desktop\pcap_analysis\job2.potfile
TOP.6a3cd2cf.00032f87	user_options->rule_buf_l	:
TOP.6a3cd2cf.00032f87	user_options->rule_buf_r	:
TOP.6a3cd2cf.00032f87	user_options->session	hashcat
TOP.6a3cd2cf.00032f87	user_options->separator	:
TOP.6a3cd2cf.00032f87	user_options->limit	0
TOP.6a3cd2cf.00032f87	user_options->skip	0
TOP.6a3cd2cf.00032f87	user_options->attack_mode	0
TOP.6a3cd2cf.00032f87	user_options->backend_devices_virtmulti	1
TOP.6a3cd2cf.00032f87	user_options->backend_devices_virthost	1
TOP.6a3cd2cf.00032f87	user_options->backend_devices_keepfree	0
TOP.6a3cd2cf.00032f87	user_options->benchmark	0
TOP.6a3cd2cf.00032f87	user_options->benchmark_all	0
TOP.6a3cd2cf.00032f87	user_options->benchmark_max	99999
TOP.6a3cd2cf.00032f87	user_options->benchmark_min	0
TOP.6a3cd2cf.00032f87	user_options->bitmap_max	18
TOP.6a3cd2cf.00032f87	user_options->bitmap_min	16
TOP.6a3cd2cf.00032f87	user_options->debug_mode	0
TOP.6a3cd2cf.00032f87	user_options->dynamic_x	0
TOP.6a3cd2cf.00032f87	user_options->hash_info	0
TOP.6a3cd2cf.00032f87	user_options->force	0
TOP.6a3cd2cf.00032f87	user_options->hwmon	1
TOP.6a3cd2cf.00032f87	user_options->hwmon_temp_abort	90
TOP.6a3cd2cf.00032f87	user_options->hash_mode	19700
TOP.6a3cd2cf.00032f87	user_options->hex_charset	0
TOP.6a3cd2cf.00032f87	user_options->hex_salt	0
TOP.6a3cd2cf.00032f87	user_options->hex_wordlist	0
TOP.6a3cd2cf.00032f87	user_options->hook_threads	48
TOP.6a3cd2cf.00032f87	user_options->identify	0
TOP.6a3cd2cf.00032f87	user_options->increment	0
TOP.6a3cd2cf.00032f87	user_options->increment_max	256
TOP.6a3cd2cf.00032f87	user_options->increment_min	1
TOP.6a3cd2cf.00032f87	user_options->keep_guessing	0
TOP.6a3cd2cf.00032f87	user_options->kernel_accel	0
TOP.6a3cd2cf.00032f87	user_options->kernel_loops	0
TOP.6a3cd2cf.00032f87	user_options->kernel_threads	0
TOP.6a3cd2cf.00032f87	user_options->keyspace	0
TOP.6a3cd2cf.00032f87	user_options->total_candidates	0
TOP.6a3cd2cf.00032f87	user_options->left	0
TOP.6a3cd2cf.00032f87	user_options->logfile	1
TOP.6a3cd2cf.00032f87	user_options->loopback	0
TOP.6a3cd2cf.00032f87	user_options->machine_readable	0
TOP.6a3cd2cf.00032f87	user_options->markov_classic	0
TOP.6a3cd2cf.00032f87	user_options->markov	1
TOP.6a3cd2cf.00032f87	user_options->markov_inverse	0
TOP.6a3cd2cf.00032f87	user_options->markov_threshold	256
TOP.6a3cd2cf.00032f87	user_options->metal_compiler_runtime	120
TOP.6a3cd2cf.00032f87	user_options->multiply_accel	1
TOP.6a3cd2cf.00032f87	user_options->backend_info	0
TOP.6a3cd2cf.00032f87	user_options->backend_vector_width	0
TOP.6a3cd2cf.00032f87	user_options->optimized_kernel	0
TOP.6a3cd2cf.00032f87	user_options->outfile_autohex	1
TOP.6a3cd2cf.00032f87	user_options->outfile_check_timer	5
TOP.6a3cd2cf.00032f87	user_options->outfile_format	3
TOP.6a3cd2cf.00032f87	user_options->outfile_json	0
TOP.6a3cd2cf.00032f87	user_options->wordlist_autohex	1
TOP.6a3cd2cf.00032f87	user_options->potfile	1
TOP.6a3cd2cf.00032f87	user_options->progress_only	0
TOP.6a3cd2cf.00032f87	user_options->quiet	0
TOP.6a3cd2cf.00032f87	user_options->remove	0
TOP.6a3cd2cf.00032f87	user_options->remove_timer	60
TOP.6a3cd2cf.00032f87	user_options->restore	0
TOP.6a3cd2cf.00032f87	user_options->restore_enable	1
TOP.6a3cd2cf.00032f87	user_options->restore_timer	1
TOP.6a3cd2cf.00032f87	user_options->rp_files_cnt	0
TOP.6a3cd2cf.00032f87	user_options->rp_gen	0
TOP.6a3cd2cf.00032f87	user_options->rp_gen_func_max	4
TOP.6a3cd2cf.00032f87	user_options->rp_gen_func_min	1
TOP.6a3cd2cf.00032f87	user_options->rp_gen_seed	0
TOP.6a3cd2cf.00032f87	user_options->runtime	0
TOP.6a3cd2cf.00032f87	user_options->scrypt_tmto	0
TOP.6a3cd2cf.00032f87	user_options->segment_size	33554432
TOP.6a3cd2cf.00032f87	user_options->self_test	1
TOP.6a3cd2cf.00032f87	user_options->slow_candidates	0
TOP.6a3cd2cf.00032f87	user_options->show	0
TOP.6a3cd2cf.00032f87	user_options->speed_only	0
TOP.6a3cd2cf.00032f87	user_options->spin_damp	0
TOP.6a3cd2cf.00032f87	user_options->status	1
TOP.6a3cd2cf.00032f87	user_options->status_json	1
TOP.6a3cd2cf.00032f87	user_options->status_timer	1
TOP.6a3cd2cf.00032f87	user_options->stdout_flag	0
TOP.6a3cd2cf.00032f87	user_options->usage	0
TOP.6a3cd2cf.00032f87	user_options->username	0
TOP.6a3cd2cf.00032f87	user_options->veracrypt_pim_start	485
TOP.6a3cd2cf.00032f87	user_options->veracrypt_pim_stop	485
TOP.6a3cd2cf.00032f87	user_options->version	0
TOP.6a3cd2cf.00032f87	user_options->workload_profile	3
TOP.6a3cd2cf.00032f87	user_options->brain_client	0
TOP.6a3cd2cf.00032f87	user_options->brain_client_features	2
TOP.6a3cd2cf.00032f87	user_options->brain_server	0
TOP.6a3cd2cf.00032f87	user_options->brain_server_timer	300
TOP.6a3cd2cf.00032f87	user_options->brain_port	6863
TOP.6a3cd2cf.00032f87	user_options->brain_session	0
TOP.6a3cd2cf.00032f87	hashes->hashfile	C:\Users\user\Desktop\pcap_analysis\br1000_20260625_072029_krb5tgs_priority.txt
TOP.6a3cd2cf.00032f87	hashes->hashlist_mode	5
TOP.6a3cd2cf.00032f87	hashes->hashlist_format	0
TOP.6a3cd2cf.00032f87	hashes->hashes_cnt	0
TOP.6a3cd2cf.00032f87	hashes->digests_cnt	3
TOP.6a3cd2cf.00032f87	hashes->digests_done_pot	0
TOP.6a3cd2cf.00032f87	hashes->digests_done_zero	0
TOP.6a3cd2cf.00032f87	hashes->digests_done	0
TOP.6a3cd2cf.00032f87	hashes->salts_cnt	3
TOP.6a3cd2cf.00032f87	hashes->salts_done	0
TOP.6a3cd2cf.00032f87	SUB.6a3cd2df.000797f7	START
TOP.6a3cd2cf.00032f87	SUB.6a3cd2df.000797f7	straight_ctx->dict	C:\Users\user\Desktop\pcap_analysis\dictionary\rockyou.txt
TOP.6a3cd2cf.00032f87	SUB.6a3cd2df.000797f7	runtime_start	1782371042
TOP.6a3cd2cf.00032f87	SUB.6a3cd2df.000797f7	runtime_stop	1782371086
TOP.6a3cd2cf.00032f87	SUB.6a3cd2df.000797f7	hashes->digests_done_new	0
TOP.6a3cd2cf.00032f87	SUB.6a3cd2df.000797f7	status-after-work	5
TOP.6a3cd2cf.00032f87	SUB.6a3cd2df.000797f7	STOP
TOP.6a3cd2cf.00032f87	proc_start	1782371023
TOP.6a3cd2cf.00032f87	proc_stop	1782371087
TOP.6a3cd2cf.00032f87	STOP
TOP.6a3cd34b.0000e52c	START
TOP.6a3cd34b.0000e52c	folder_config->cwd	C:\Users\user\Desktop\pcap_analysis\hashcat
TOP.6a3cd34b.0000e52c	folder_config->install_dir	.
TOP.6a3cd34b.0000e52c	folder_config->profile_dir	.
TOP.6a3cd34b.0000e52c	folder_config->session_dir	.
TOP.6a3cd34b.0000e52c	folder_config->shared_dir	.
TOP.6a3cd34b.0000e52c	user_options->encoding_from	utf-8
TOP.6a3cd34b.0000e52c	user_options->encoding_to	utf-8
TOP.6a3cd34b.0000e52c	user_options->outfile	C:\Users\user\Desktop\pcap_analysis\job1.out
TOP.6a3cd34b.0000e52c	user_options->potfile_path	C:\Users\user\Desktop\pcap_analysis\job1.potfile
TOP.6a3cd34b.0000e52c	user_options->rule_buf_l	:
TOP.6a3cd34b.0000e52c	user_options->rule_buf_r	:
TOP.6a3cd34b.0000e52c	user_options->session	hashcat
TOP.6a3cd34b.0000e52c	user_options->separator	:
TOP.6a3cd34b.0000e52c	user_options->limit	0
TOP.6a3cd34b.0000e52c	user_options->skip	0
TOP.6a3cd34b.0000e52c	user_options->attack_mode	0
TOP.6a3cd34b.0000e52c	user_options->backend_devices_virtmulti	1
TOP.6a3cd34b.0000e52c	user_options->backend_devices_virthost	1
TOP.6a3cd34b.0000e52c	user_options->backend_devices_keepfree	0
TOP.6a3cd34b.0000e52c	user_options->benchmark	0
TOP.6a3cd34b.0000e52c	user_options->benchmark_all	0
TOP.6a3cd34b.0000e52c	user_options->benchmark_max	99999
TOP.6a3cd34b.0000e52c	user_options->benchmark_min	0
TOP.6a3cd34b.0000e52c	user_options->bitmap_max	18
TOP.6a3cd34b.0000e52c	user_options->bitmap_min	16
TOP.6a3cd34b.0000e52c	user_options->debug_mode	0
TOP.6a3cd34b.0000e52c	user_options->dynamic_x	0
TOP.6a3cd34b.0000e52c	user_options->hash_info	0
TOP.6a3cd34b.0000e52c	user_options->force	0
TOP.6a3cd34b.0000e52c	user_options->hwmon	1
TOP.6a3cd34b.0000e52c	user_options->hwmon_temp_abort	90
TOP.6a3cd34b.0000e52c	user_options->hash_mode	5600
TOP.6a3cd34b.0000e52c	user_options->hex_charset	0
TOP.6a3cd34b.0000e52c	user_options->hex_salt	0
TOP.6a3cd34b.0000e52c	user_options->hex_wordlist	0
TOP.6a3cd34b.0000e52c	user_options->hook_threads	48
TOP.6a3cd34b.0000e52c	user_options->identify	0
TOP.6a3cd34b.0000e52c	user_options->increment	0
TOP.6a3cd34b.0000e52c	user_options->increment_max	256
TOP.6a3cd34b.0000e52c	user_options->increment_min	1
TOP.6a3cd34b.0000e52c	user_options->keep_guessing	0
TOP.6a3cd34b.0000e52c	user_options->kernel_accel	0
TOP.6a3cd34b.0000e52c	user_options->kernel_loops	0
TOP.6a3cd34b.0000e52c	user_options->kernel_threads	0
TOP.6a3cd34b.0000e52c	user_options->keyspace	0
TOP.6a3cd34b.0000e52c	user_options->total_candidates	0
TOP.6a3cd34b.0000e52c	user_options->left	0
TOP.6a3cd34b.0000e52c	user_options->logfile	1
TOP.6a3cd34b.0000e52c	user_options->loopback	0
TOP.6a3cd34b.0000e52c	user_options->machine_readable	0
TOP.6a3cd34b.0000e52c	user_options->markov_classic	0
TOP.6a3cd34b.0000e52c	user_options->markov	1
TOP.6a3cd34b.0000e52c	user_options->markov_inverse	0
TOP.6a3cd34b.0000e52c	user_options->markov_threshold	256
TOP.6a3cd34b.0000e52c	user_options->metal_compiler_runtime	120
TOP.6a3cd34b.0000e52c	user_options->multiply_accel	1
TOP.6a3cd34b.0000e52c	user_options->backend_info	0
TOP.6a3cd34b.0000e52c	user_options->backend_vector_width	0
TOP.6a3cd34b.0000e52c	user_options->optimized_kernel	0
TOP.6a3cd34b.0000e52c	user_options->outfile_autohex	1
TOP.6a3cd34b.0000e52c	user_options->outfile_check_timer	5
TOP.6a3cd34b.0000e52c	user_options->outfile_format	3
TOP.6a3cd34b.0000e52c	user_options->outfile_json	0
TOP.6a3cd34b.0000e52c	user_options->wordlist_autohex	1
TOP.6a3cd34b.0000e52c	user_options->potfile	1
TOP.6a3cd34b.0000e52c	user_options->progress_only	0
TOP.6a3cd34b.0000e52c	user_options->quiet	0
TOP.6a3cd34b.0000e52c	user_options->remove	0
TOP.6a3cd34b.0000e52c	user_options->remove_timer	60
TOP.6a3cd34b.0000e52c	user_options->restore	0
TOP.6a3cd34b.0000e52c	user_options->restore_enable	1
TOP.6a3cd34b.0000e52c	user_options->restore_timer	1
TOP.6a3cd34b.0000e52c	user_options->rp_files_cnt	0
TOP.6a3cd34b.0000e52c	user_options->rp_gen	0
TOP.6a3cd34b.0000e52c	user_options->rp_gen_func_max	4
TOP.6a3cd34b.0000e52c	user_options->rp_gen_func_min	1
TOP.6a3cd34b.0000e52c	user_options->rp_gen_seed	0
TOP.6a3cd34b.0000e52c	user_options->runtime	0
TOP.6a3cd34b.0000e52c	user_options->scrypt_tmto	0
TOP.6a3cd34b.0000e52c	user_options->segment_size	33554432
TOP.6a3cd34b.0000e52c	user_options->self_test	1
TOP.6a3cd34b.0000e52c	user_options->slow_candidates	0
TOP.6a3cd34b.0000e52c	user_options->show	0
TOP.6a3cd34b.0000e52c	user_options->speed_only	0
TOP.6a3cd34b.0000e52c	user_options->spin_damp	0
TOP.6a3cd34b.0000e52c	user_options->status	1
TOP.6a3cd34b.0000e52c	user_options->status_json	1
TOP.6a3cd34b.0000e52c	user_options->status_timer	1
TOP.6a3cd34b.0000e52c	user_options->stdout_flag	0
TOP.6a3cd34b.0000e52c	user_options->usage	0
TOP.6a3cd34b.0000e52c	user_options->username	0
TOP.6a3cd34b.0000e52c	user_options->veracrypt_pim_start	485
TOP.6a3cd34b.0000e52c	user_options->veracrypt_pim_stop	485
TOP.6a3cd34b.0000e52c	user_options->version	0
TOP.6a3cd34b.0000e52c	user_options->workload_profile	3
TOP.6a3cd34b.0000e52c	user_options->brain_client	0
TOP.6a3cd34b.0000e52c	user_options->brain_client_features	2
TOP.6a3cd34b.0000e52c	user_options->brain_server	0
TOP.6a3cd34b.0000e52c	user_options->brain_server_timer	300
TOP.6a3cd34b.0000e52c	user_options->brain_port	6863
TOP.6a3cd34b.0000e52c	user_options->brain_session	0
TOP.6a3cd34b.0000e52c	hashes->hashfile	C:\Users\user\Desktop\pcap_analysis\lab_capture_netntlmv2.txt
TOP.6a3cd34b.0000e52c	hashes->hashlist_mode	5
TOP.6a3cd34b.0000e52c	hashes->hashlist_format	0
TOP.6a3cd34b.0000e52c	hashes->hashes_cnt	0
TOP.6a3cd34b.0000e52c	hashes->digests_cnt	1
TOP.6a3cd34b.0000e52c	hashes->digests_done_pot	0
TOP.6a3cd34b.0000e52c	hashes->digests_done_zero	0
TOP.6a3cd34b.0000e52c	hashes->digests_done	0
TOP.6a3cd34b.0000e52c	hashes->salts_cnt	1
TOP.6a3cd34b.0000e52c	hashes->salts_done	0
TOP.6a3cd34b.0000e52c	SUB.6a3cd34c.000afb54	START
TOP.6a3cd34b.0000e52c	SUB.6a3cd34c.000afb54	straight_ctx->dict	C:\Users\user\Desktop\pcap_analysis\dictionary\test.txt
TOP.6a3cd34b.0000e52c	SUB.6a3cd34c.000afb54	runtime_start	1782371148
TOP.6a3cd34b.0000e52c	SUB.6a3cd34c.000afb54	runtime_stop	1782371148
TOP.6a3cd34b.0000e52c	SUB.6a3cd34c.000afb54	hashes->digests_done_new	1
TOP.6a3cd34b.0000e52c	SUB.6a3cd34c.000afb54	status-after-work	6
TOP.6a3cd34b.0000e52c	SUB.6a3cd34c.000afb54	STOP
TOP.6a3cd34b.0000e52c	proc_start	1782371147
TOP.6a3cd34b.0000e52c	proc_stop	1782371149
TOP.6a3cd34b.0000e52c	STOP
TOP.6a3cd464.0001e46a	START
TOP.6a3cd464.0001e46a	folder_config->cwd	C:\Users\user\Desktop\pcap_analysis\hashcat
TOP.6a3cd464.0001e46a	folder_config->install_dir	.
TOP.6a3cd464.0001e46a	folder_config->profile_dir	.
TOP.6a3cd464.0001e46a	folder_config->session_dir	.
TOP.6a3cd464.0001e46a	folder_config->shared_dir	.
TOP.6a3cd464.0001e46a	user_options->encoding_from	utf-8
TOP.6a3cd464.0001e46a	user_options->encoding_to	utf-8
TOP.6a3cd464.0001e46a	user_options->outfile	C:\Users\user\Desktop\pcap_analysis\job2.out
TOP.6a3cd464.0001e46a	user_options->potfile_path	C:\Users\user\Desktop\pcap_analysis\job2.potfile
TOP.6a3cd464.0001e46a	user_options->rule_buf_l	:
TOP.6a3cd464.0001e46a	user_options->rule_buf_r	:
TOP.6a3cd464.0001e46a	user_options->session	hashcat
TOP.6a3cd464.0001e46a	user_options->separator	:
TOP.6a3cd464.0001e46a	user_options->limit	0
TOP.6a3cd464.0001e46a	user_options->skip	0
TOP.6a3cd464.0001e46a	user_options->attack_mode	0
TOP.6a3cd464.0001e46a	user_options->backend_devices_virtmulti	1
TOP.6a3cd464.0001e46a	user_options->backend_devices_virthost	1
TOP.6a3cd464.0001e46a	user_options->backend_devices_keepfree	0
TOP.6a3cd464.0001e46a	user_options->benchmark	0
TOP.6a3cd464.0001e46a	user_options->benchmark_all	0
TOP.6a3cd464.0001e46a	user_options->benchmark_max	99999
TOP.6a3cd464.0001e46a	user_options->benchmark_min	0
TOP.6a3cd464.0001e46a	user_options->bitmap_max	18
TOP.6a3cd464.0001e46a	user_options->bitmap_min	16
TOP.6a3cd464.0001e46a	user_options->debug_mode	0
TOP.6a3cd464.0001e46a	user_options->dynamic_x	0
TOP.6a3cd464.0001e46a	user_options->hash_info	0
TOP.6a3cd464.0001e46a	user_options->force	0
TOP.6a3cd464.0001e46a	user_options->hwmon	1
TOP.6a3cd464.0001e46a	user_options->hwmon_temp_abort	90
TOP.6a3cd464.0001e46a	user_options->hash_mode	19700
TOP.6a3cd464.0001e46a	user_options->hex_charset	0
TOP.6a3cd464.0001e46a	user_options->hex_salt	0
TOP.6a3cd464.0001e46a	user_options->hex_wordlist	0
TOP.6a3cd464.0001e46a	user_options->hook_threads	48
TOP.6a3cd464.0001e46a	user_options->identify	0
TOP.6a3cd464.0001e46a	user_options->increment	0
TOP.6a3cd464.0001e46a	user_options->increment_max	256
TOP.6a3cd464.0001e46a	user_options->increment_min	1
TOP.6a3cd464.0001e46a	user_options->keep_guessing	0
TOP.6a3cd464.0001e46a	user_options->kernel_accel	0
TOP.6a3cd464.0001e46a	user_options->kernel_loops	0
TOP.6a3cd464.0001e46a	user_options->kernel_threads	0
TOP.6a3cd464.0001e46a	user_options->keyspace	0
TOP.6a3cd464.0001e46a	user_options->total_candidates	0
TOP.6a3cd464.0001e46a	user_options->left	0
TOP.6a3cd464.0001e46a	user_options->logfile	1
TOP.6a3cd464.0001e46a	user_options->loopback	0
TOP.6a3cd464.0001e46a	user_options->machine_readable	0
TOP.6a3cd464.0001e46a	user_options->markov_classic	0
TOP.6a3cd464.0001e46a	user_options->markov	1
TOP.6a3cd464.0001e46a	user_options->markov_inverse	0
TOP.6a3cd464.0001e46a	user_options->markov_threshold	256
TOP.6a3cd464.0001e46a	user_options->metal_compiler_runtime	120
TOP.6a3cd464.0001e46a	user_options->multiply_accel	1
TOP.6a3cd464.0001e46a	user_options->backend_info	0
TOP.6a3cd464.0001e46a	user_options->backend_vector_width	0
TOP.6a3cd464.0001e46a	user_options->optimized_kernel	0
TOP.6a3cd464.0001e46a	user_options->outfile_autohex	1
TOP.6a3cd464.0001e46a	user_options->outfile_check_timer	5
TOP.6a3cd464.0001e46a	user_options->outfile_format	3
TOP.6a3cd464.0001e46a	user_options->outfile_json	0
TOP.6a3cd464.0001e46a	user_options->wordlist_autohex	1
TOP.6a3cd464.0001e46a	user_options->potfile	1
TOP.6a3cd464.0001e46a	user_options->progress_only	0
TOP.6a3cd464.0001e46a	user_options->quiet	0
TOP.6a3cd464.0001e46a	user_options->remove	0
TOP.6a3cd464.0001e46a	user_options->remove_timer	60
TOP.6a3cd464.0001e46a	user_options->restore	0
TOP.6a3cd464.0001e46a	user_options->restore_enable	1
TOP.6a3cd464.0001e46a	user_options->restore_timer	1
TOP.6a3cd464.0001e46a	user_options->rp_files_cnt	0
TOP.6a3cd464.0001e46a	user_options->rp_gen	0
TOP.6a3cd464.0001e46a	user_options->rp_gen_func_max	4
TOP.6a3cd464.0001e46a	user_options->rp_gen_func_min	1
TOP.6a3cd464.0001e46a	user_options->rp_gen_seed	0
TOP.6a3cd464.0001e46a	user_options->runtime	0
TOP.6a3cd464.0001e46a	user_options->scrypt_tmto	0
TOP.6a3cd464.0001e46a	user_options->segment_size	33554432
TOP.6a3cd464.0001e46a	user_options->self_test	1
TOP.6a3cd464.0001e46a	user_options->slow_candidates	0
TOP.6a3cd464.0001e46a	user_options->show	0
TOP.6a3cd464.0001e46a	user_options->speed_only	0
TOP.6a3cd464.0001e46a	user_options->spin_damp	0
TOP.6a3cd464.0001e46a	user_options->status	1
TOP.6a3cd464.0001e46a	user_options->status_json	1
TOP.6a3cd464.0001e46a	user_options->status_timer	1
TOP.6a3cd464.0001e46a	user_options->stdout_flag	0
TOP.6a3cd464.0001e46a	user_options->usage	0
TOP.6a3cd464.0001e46a	user_options->username	0
TOP.6a3cd464.0001e46a	user_options->veracrypt_pim_start	485
TOP.6a3cd464.0001e46a	user_options->veracrypt_pim_stop	485
TOP.6a3cd464.0001e46a	user_options->version	0
TOP.6a3cd464.0001e46a	user_options->workload_profile	3
TOP.6a3cd464.0001e46a	user_options->brain_client	0
TOP.6a3cd464.0001e46a	user_options->brain_client_features	2
TOP.6a3cd464.0001e46a	user_options->brain_server	0
TOP.6a3cd464.0001e46a	user_options->brain_server_timer	300
TOP.6a3cd464.0001e46a	user_options->brain_port	6863
TOP.6a3cd464.0001e46a	user_options->brain_session	0
TOP.6a3cd464.0001e46a	hashes->hashfile	C:\Users\user\Desktop\pcap_analysis\br1000_20260625_072029_krb5tgs_priority.txt
TOP.6a3cd464.0001e46a	hashes->hashlist_mode	5
TOP.6a3cd464.0001e46a	hashes->hashlist_format	0
TOP.6a3cd464.0001e46a	hashes->hashes_cnt	0
TOP.6a3cd464.0001e46a	hashes->digests_cnt	3
TOP.6a3cd464.0001e46a	hashes->digests_done_pot	0
TOP.6a3cd464.0001e46a	hashes->digests_done_zero	0
TOP.6a3cd464.0001e46a	hashes->digests_done	0
TOP.6a3cd464.0001e46a	hashes->salts_cnt	3
TOP.6a3cd464.0001e46a	hashes->salts_done	0
TOP.6a3cd464.0001e46a	SUB.6a3cd466.000950c5	START
TOP.6a3cd464.0001e46a	SUB.6a3cd466.000950c5	straight_ctx->dict	C:\Users\user\Desktop\pcap_analysis\dictionary\rockyou.txt
TOP.6a3cd464.0001e46a	SUB.6a3cd466.000950c5	runtime_start	1782371432
TOP.6a3cd464.0001e46a	SUB.6a3cd466.000950c5	runtime_stop	1782371477
TOP.6a3cd464.0001e46a	SUB.6a3cd466.000950c5	hashes->digests_done_new	0
TOP.6a3cd464.0001e46a	SUB.6a3cd466.000950c5	status-after-work	5
TOP.6a3cd464.0001e46a	SUB.6a3cd466.000950c5	STOP
TOP.6a3cd464.0001e46a	proc_start	1782371428
TOP.6a3cd464.0001e46a	proc_stop	1782371478
TOP.6a3cd464.0001e46a	STOP
TOP.6a3cd4a2.000282d0	START
TOP.6a3cd4a2.000282d0	folder_config->cwd	C:\Users\user\Desktop\pcap_analysis\hashcat
TOP.6a3cd4a2.000282d0	folder_config->install_dir	.
TOP.6a3cd4a2.000282d0	folder_config->profile_dir	.
TOP.6a3cd4a2.000282d0	folder_config->session_dir	.
TOP.6a3cd4a2.000282d0	folder_config->shared_dir	.
TOP.6a3cd4a2.000282d0	user_options->encoding_from	utf-8
TOP.6a3cd4a2.000282d0	user_options->encoding_to	utf-8
TOP.6a3cd4a2.000282d0	user_options->outfile	C:\Users\user\Desktop\pcap_analysis\job1.out
TOP.6a3cd4a2.000282d0	user_options->potfile_path	C:\Users\user\Desktop\pcap_analysis\job1.potfile
TOP.6a3cd4a2.000282d0	user_options->rule_buf_l	:
TOP.6a3cd4a2.000282d0	user_options->rule_buf_r	:
TOP.6a3cd4a2.000282d0	user_options->session	hashcat
TOP.6a3cd4a2.000282d0	user_options->separator	:
TOP.6a3cd4a2.000282d0	user_options->limit	0
TOP.6a3cd4a2.000282d0	user_options->skip	0
TOP.6a3cd4a2.000282d0	user_options->attack_mode	0
TOP.6a3cd4a2.000282d0	user_options->backend_devices_virtmulti	1
TOP.6a3cd4a2.000282d0	user_options->backend_devices_virthost	1
TOP.6a3cd4a2.000282d0	user_options->backend_devices_keepfree	0
TOP.6a3cd4a2.000282d0	user_options->benchmark	0
TOP.6a3cd4a2.000282d0	user_options->benchmark_all	0
TOP.6a3cd4a2.000282d0	user_options->benchmark_max	99999
TOP.6a3cd4a2.000282d0	user_options->benchmark_min	0
TOP.6a3cd4a2.000282d0	user_options->bitmap_max	18
TOP.6a3cd4a2.000282d0	user_options->bitmap_min	16
TOP.6a3cd4a2.000282d0	user_options->debug_mode	0
TOP.6a3cd4a2.000282d0	user_options->dynamic_x	0
TOP.6a3cd4a2.000282d0	user_options->hash_info	0
TOP.6a3cd4a2.000282d0	user_options->force	0
TOP.6a3cd4a2.000282d0	user_options->hwmon	1
TOP.6a3cd4a2.000282d0	user_options->hwmon_temp_abort	90
TOP.6a3cd4a2.000282d0	user_options->hash_mode	5600
TOP.6a3cd4a2.000282d0	user_options->hex_charset	0
TOP.6a3cd4a2.000282d0	user_options->hex_salt	0
TOP.6a3cd4a2.000282d0	user_options->hex_wordlist	0
TOP.6a3cd4a2.000282d0	user_options->hook_threads	48
TOP.6a3cd4a2.000282d0	user_options->identify	0
TOP.6a3cd4a2.000282d0	user_options->increment	0
TOP.6a3cd4a2.000282d0	user_options->increment_max	256
TOP.6a3cd4a2.000282d0	user_options->increment_min	1
TOP.6a3cd4a2.000282d0	user_options->keep_guessing	0
TOP.6a3cd4a2.000282d0	user_options->kernel_accel	0
TOP.6a3cd4a2.000282d0	user_options->kernel_loops	0
TOP.6a3cd4a2.000282d0	user_options->kernel_threads	0
TOP.6a3cd4a2.000282d0	user_options->keyspace	0
TOP.6a3cd4a2.000282d0	user_options->total_candidates	0
TOP.6a3cd4a2.000282d0	user_options->left	0
TOP.6a3cd4a2.000282d0	user_options->logfile	1
TOP.6a3cd4a2.000282d0	user_options->loopback	0
TOP.6a3cd4a2.000282d0	user_options->machine_readable	0
TOP.6a3cd4a2.000282d0	user_options->markov_classic	0
TOP.6a3cd4a2.000282d0	user_options->markov	1
TOP.6a3cd4a2.000282d0	user_options->markov_inverse	0
TOP.6a3cd4a2.000282d0	user_options->markov_threshold	256
TOP.6a3cd4a2.000282d0	user_options->metal_compiler_runtime	120
TOP.6a3cd4a2.000282d0	user_options->multiply_accel	1
TOP.6a3cd4a2.000282d0	user_options->backend_info	0
TOP.6a3cd4a2.000282d0	user_options->backend_vector_width	0
TOP.6a3cd4a2.000282d0	user_options->optimized_kernel	0
TOP.6a3cd4a2.000282d0	user_options->outfile_autohex	1
TOP.6a3cd4a2.000282d0	user_options->outfile_check_timer	5
TOP.6a3cd4a2.000282d0	user_options->outfile_format	3
TOP.6a3cd4a2.000282d0	user_options->outfile_json	0
TOP.6a3cd4a2.000282d0	user_options->wordlist_autohex	1
TOP.6a3cd4a2.000282d0	user_options->potfile	1
TOP.6a3cd4a2.000282d0	user_options->progress_only	0
TOP.6a3cd4a2.000282d0	user_options->quiet	0
TOP.6a3cd4a2.000282d0	user_options->remove	0
TOP.6a3cd4a2.000282d0	user_options->remove_timer	60
TOP.6a3cd4a2.000282d0	user_options->restore	0
TOP.6a3cd4a2.000282d0	user_options->restore_enable	1
TOP.6a3cd4a2.000282d0	user_options->restore_timer	1
TOP.6a3cd4a2.000282d0	user_options->rp_files_cnt	0
TOP.6a3cd4a2.000282d0	user_options->rp_gen	0
TOP.6a3cd4a2.000282d0	user_options->rp_gen_func_max	4
TOP.6a3cd4a2.000282d0	user_options->rp_gen_func_min	1
TOP.6a3cd4a2.000282d0	user_options->rp_gen_seed	0
TOP.6a3cd4a2.000282d0	user_options->runtime	0
TOP.6a3cd4a2.000282d0	user_options->scrypt_tmto	0
TOP.6a3cd4a2.000282d0	user_options->segment_size	33554432
TOP.6a3cd4a2.000282d0	user_options->self_test	1
TOP.6a3cd4a2.000282d0	user_options->slow_candidates	0
TOP.6a3cd4a2.000282d0	user_options->show	0
TOP.6a3cd4a2.000282d0	user_options->speed_only	0
TOP.6a3cd4a2.000282d0	user_options->spin_damp	0
TOP.6a3cd4a2.000282d0	user_options->status	1
TOP.6a3cd4a2.000282d0	user_options->status_json	1
TOP.6a3cd4a2.000282d0	user_options->status_timer	1
TOP.6a3cd4a2.000282d0	user_options->stdout_flag	0
TOP.6a3cd4a2.000282d0	user_options->usage	0
TOP.6a3cd4a2.000282d0	user_options->username	0
TOP.6a3cd4a2.000282d0	user_options->veracrypt_pim_start	485
TOP.6a3cd4a2.000282d0	user_options->veracrypt_pim_stop	485
TOP.6a3cd4a2.000282d0	user_options->version	0
TOP.6a3cd4a2.000282d0	user_options->workload_profile	3
TOP.6a3cd4a2.000282d0	user_options->brain_client	0
TOP.6a3cd4a2.000282d0	user_options->brain_client_features	2
TOP.6a3cd4a2.000282d0	user_options->brain_server	0
TOP.6a3cd4a2.000282d0	user_options->brain_server_timer	300
TOP.6a3cd4a2.000282d0	user_options->brain_port	6863
TOP.6a3cd4a2.000282d0	user_options->brain_session	0
TOP.6a3cd4a2.000282d0	hashes->hashfile	C:\Users\user\Desktop\pcap_analysis\lab_capture_netntlmv2.txt
TOP.6a3cd4a2.000282d0	hashes->hashlist_mode	5
TOP.6a3cd4a2.000282d0	hashes->hashlist_format	0
TOP.6a3cd4a2.000282d0	hashes->hashes_cnt	0
TOP.6a3cd4a2.000282d0	hashes->digests_cnt	1
TOP.6a3cd4a2.000282d0	hashes->digests_done_pot	0
TOP.6a3cd4a2.000282d0	hashes->digests_done_zero	0
TOP.6a3cd4a2.000282d0	hashes->digests_done	0
TOP.6a3cd4a2.000282d0	hashes->salts_cnt	1
TOP.6a3cd4a2.000282d0	hashes->salts_done	0
TOP.6a3cd4a2.000282d0	SUB.6a3cd4a2.00040e25	START
TOP.6a3cd4a2.000282d0	SUB.6a3cd4a2.00040e25	straight_ctx->dict	C:\Users\user\Desktop\pcap_analysis\dictionary\test.txt
TOP.6a3cd4a2.000282d0	SUB.6a3cd4a2.00040e25	runtime_start	1782371490
TOP.6a3cd4a2.000282d0	SUB.6a3cd4a2.00040e25	runtime_stop	1782371490
TOP.6a3cd4a2.000282d0	SUB.6a3cd4a2.00040e25	hashes->digests_done_new	1
TOP.6a3cd4a2.000282d0	SUB.6a3cd4a2.00040e25	status-after-work	6
TOP.6a3cd4a2.000282d0	SUB.6a3cd4a2.00040e25	STOP
TOP.6a3cd4a2.000282d0	proc_start	1782371490
TOP.6a3cd4a2.000282d0	proc_stop	1782371491
TOP.6a3cd4a2.000282d0	STOP
TOP.6a3cd4a4.0001e984	START
TOP.6a3cd4a4.0001e984	folder_config->cwd	C:\Users\user\Desktop\pcap_analysis\hashcat
TOP.6a3cd4a4.0001e984	folder_config->install_dir	.
TOP.6a3cd4a4.0001e984	folder_config->profile_dir	.
TOP.6a3cd4a4.0001e984	folder_config->session_dir	.
TOP.6a3cd4a4.0001e984	folder_config->shared_dir	.
TOP.6a3cd4a4.0001e984	user_options->encoding_from	utf-8
TOP.6a3cd4a4.0001e984	user_options->encoding_to	utf-8
TOP.6a3cd4a4.0001e984	user_options->outfile	C:\Users\user\Desktop\pcap_analysis\job2.out
TOP.6a3cd4a4.0001e984	user_options->potfile_path	C:\Users\user\Desktop\pcap_analysis\job2.potfile
TOP.6a3cd4a4.0001e984	user_options->rule_buf_l	:
TOP.6a3cd4a4.0001e984	user_options->rule_buf_r	:
TOP.6a3cd4a4.0001e984	user_options->session	hashcat
TOP.6a3cd4a4.0001e984	user_options->separator	:
TOP.6a3cd4a4.0001e984	user_options->limit	0
TOP.6a3cd4a4.0001e984	user_options->skip	0
TOP.6a3cd4a4.0001e984	user_options->attack_mode	3
TOP.6a3cd4a4.0001e984	user_options->backend_devices_virtmulti	1
TOP.6a3cd4a4.0001e984	user_options->backend_devices_virthost	1
TOP.6a3cd4a4.0001e984	user_options->backend_devices_keepfree	0
TOP.6a3cd4a4.0001e984	user_options->benchmark	0
TOP.6a3cd4a4.0001e984	user_options->benchmark_all	0
TOP.6a3cd4a4.0001e984	user_options->benchmark_max	99999
TOP.6a3cd4a4.0001e984	user_options->benchmark_min	0
TOP.6a3cd4a4.0001e984	user_options->bitmap_max	18
TOP.6a3cd4a4.0001e984	user_options->bitmap_min	16
TOP.6a3cd4a4.0001e984	user_options->debug_mode	0
TOP.6a3cd4a4.0001e984	user_options->dynamic_x	0
TOP.6a3cd4a4.0001e984	user_options->hash_info	0
TOP.6a3cd4a4.0001e984	user_options->force	0
TOP.6a3cd4a4.0001e984	user_options->hwmon	1
TOP.6a3cd4a4.0001e984	user_options->hwmon_temp_abort	90
TOP.6a3cd4a4.0001e984	user_options->hash_mode	5600
TOP.6a3cd4a4.0001e984	user_options->hex_charset	0
TOP.6a3cd4a4.0001e984	user_options->hex_salt	0
TOP.6a3cd4a4.0001e984	user_options->hex_wordlist	0
TOP.6a3cd4a4.0001e984	user_options->hook_threads	48
TOP.6a3cd4a4.0001e984	user_options->identify	0
TOP.6a3cd4a4.0001e984	user_options->increment	0
TOP.6a3cd4a4.0001e984	user_options->increment_max	256
TOP.6a3cd4a4.0001e984	user_options->increment_min	1
TOP.6a3cd4a4.0001e984	user_options->keep_guessing	0
TOP.6a3cd4a4.0001e984	user_options->kernel_accel	0
TOP.6a3cd4a4.0001e984	user_options->kernel_loops	0
TOP.6a3cd4a4.0001e984	user_options->kernel_threads	0
TOP.6a3cd4a4.0001e984	user_options->keyspace	0
TOP.6a3cd4a4.0001e984	user_options->total_candidates	0
TOP.6a3cd4a4.0001e984	user_options->left	0
TOP.6a3cd4a4.0001e984	user_options->logfile	1
TOP.6a3cd4a4.0001e984	user_options->loopback	0
TOP.6a3cd4a4.0001e984	user_options->machine_readable	0
TOP.6a3cd4a4.0001e984	user_options->markov_classic	0
TOP.6a3cd4a4.0001e984	user_options->markov	1
TOP.6a3cd4a4.0001e984	user_options->markov_inverse	0
TOP.6a3cd4a4.0001e984	user_options->markov_threshold	256
TOP.6a3cd4a4.0001e984	user_options->metal_compiler_runtime	120
TOP.6a3cd4a4.0001e984	user_options->multiply_accel	1
TOP.6a3cd4a4.0001e984	user_options->backend_info	0
TOP.6a3cd4a4.0001e984	user_options->backend_vector_width	0
TOP.6a3cd4a4.0001e984	user_options->optimized_kernel	0
TOP.6a3cd4a4.0001e984	user_options->outfile_autohex	1
TOP.6a3cd4a4.0001e984	user_options->outfile_check_timer	5
TOP.6a3cd4a4.0001e984	user_options->outfile_format	3
TOP.6a3cd4a4.0001e984	user_options->outfile_json	0
TOP.6a3cd4a4.0001e984	user_options->wordlist_autohex	1
TOP.6a3cd4a4.0001e984	user_options->potfile	1
TOP.6a3cd4a4.0001e984	user_options->progress_only	0
TOP.6a3cd4a4.0001e984	user_options->quiet	0
TOP.6a3cd4a4.0001e984	user_options->remove	0
TOP.6a3cd4a4.0001e984	user_options->remove_timer	60
TOP.6a3cd4a4.0001e984	user_options->restore	0
TOP.6a3cd4a4.0001e984	user_options->restore_enable	1
TOP.6a3cd4a4.0001e984	user_options->restore_timer	1
TOP.6a3cd4a4.0001e984	user_options->rp_files_cnt	0
TOP.6a3cd4a4.0001e984	user_options->rp_gen	0
TOP.6a3cd4a4.0001e984	user_options->rp_gen_func_max	4
TOP.6a3cd4a4.0001e984	user_options->rp_gen_func_min	1
TOP.6a3cd4a4.0001e984	user_options->rp_gen_seed	0
TOP.6a3cd4a4.0001e984	user_options->runtime	0
TOP.6a3cd4a4.0001e984	user_options->scrypt_tmto	0
TOP.6a3cd4a4.0001e984	user_options->segment_size	33554432
TOP.6a3cd4a4.0001e984	user_options->self_test	1
TOP.6a3cd4a4.0001e984	user_options->slow_candidates	0
TOP.6a3cd4a4.0001e984	user_options->show	0
TOP.6a3cd4a4.0001e984	user_options->speed_only	0
TOP.6a3cd4a4.0001e984	user_options->spin_damp	0
TOP.6a3cd4a4.0001e984	user_options->status	1
TOP.6a3cd4a4.0001e984	user_options->status_json	1
TOP.6a3cd4a4.0001e984	user_options->status_timer	1
TOP.6a3cd4a4.0001e984	user_options->stdout_flag	0
TOP.6a3cd4a4.0001e984	user_options->usage	0
TOP.6a3cd4a4.0001e984	user_options->username	0
TOP.6a3cd4a4.0001e984	user_options->veracrypt_pim_start	485
TOP.6a3cd4a4.0001e984	user_options->veracrypt_pim_stop	485
TOP.6a3cd4a4.0001e984	user_options->version	0
TOP.6a3cd4a4.0001e984	user_options->workload_profile	3
TOP.6a3cd4a4.0001e984	user_options->brain_client	0
TOP.6a3cd4a4.0001e984	user_options->brain_client_features	2
TOP.6a3cd4a4.0001e984	user_options->brain_server	0
TOP.6a3cd4a4.0001e984	user_options->brain_server_timer	300
TOP.6a3cd4a4.0001e984	user_options->brain_port	6863
TOP.6a3cd4a4.0001e984	user_options->brain_session	0
TOP.6a3cd4a4.0001e984	hashes->hashfile	C:\Users\user\Desktop\pcap_analysis\lab_capture_netntlmv2.txt
TOP.6a3cd4a4.0001e984	hashes->hashlist_mode	5
TOP.6a3cd4a4.0001e984	hashes->hashlist_format	0
TOP.6a3cd4a4.0001e984	hashes->hashes_cnt	0
TOP.6a3cd4a4.0001e984	hashes->digests_cnt	1
TOP.6a3cd4a4.0001e984	hashes->digests_done_pot	0
TOP.6a3cd4a4.0001e984	hashes->digests_done_zero	0
TOP.6a3cd4a4.0001e984	hashes->digests_done	0
TOP.6a3cd4a4.0001e984	hashes->salts_cnt	1
TOP.6a3cd4a4.0001e984	hashes->salts_done	0
TOP.6a3cd4a4.0001e984	SUB.6a3cd4aa.0009d9b6	START
TOP.6a3cd4a4.0001e984	SUB.6a3cd4aa.0009d9b6	mask_ctx->mask	?d?d
TOP.6a3cd4a4.0001e984	SUB.6a3cd4aa.0009d9b6	runtime_start	1782371499
TOP.6a3cd4a4.0001e984	SUB.6a3cd4aa.0009d9b6	runtime_stop	1782371499
TOP.6a3cd4a4.0001e984	SUB.6a3cd4aa.0009d9b6	hashes->digests_done_new	0
TOP.6a3cd4a4.0001e984	SUB.6a3cd4aa.0009d9b6	status-after-work	5
TOP.6a3cd4a4.0001e984	SUB.6a3cd4aa.0009d9b6	STOP
TOP.6a3cd4a4.0001e984	proc_start	1782371492
TOP.6a3cd4a4.0001e984	proc_stop	1782371499
TOP.6a3cd4a4.0001e984	STOP
TOP.6a3cd4e8.000daed8	START
TOP.6a3cd4e8.000daed8	folder_config->cwd	C:\Users\user\Desktop\pcap_analysis\hashcat
TOP.6a3cd4e8.000daed8	folder_config->install_dir	.
TOP.6a3cd4e8.000daed8	folder_config->profile_dir	.
TOP.6a3cd4e8.000daed8	folder_config->session_dir	.
TOP.6a3cd4e8.000daed8	folder_config->shared_dir	.
TOP.6a3cd4e8.000daed8	user_options->encoding_from	utf-8
TOP.6a3cd4e8.000daed8	user_options->encoding_to	utf-8
TOP.6a3cd4e8.000daed8	user_options->outfile	C:\Users\user\Desktop\pcap_analysis\job1.out
TOP.6a3cd4e8.000daed8	user_options->potfile_path	C:\Users\user\Desktop\pcap_analysis\job1.potfile
TOP.6a3cd4e8.000daed8	user_options->rp_files[0]	C:\Users\user\Desktop\pcap_analysis\hashcat\rules\T0XlCv2.rule
TOP.6a3cd4e8.000daed8	user_options->rule_buf_l	:
TOP.6a3cd4e8.000daed8	user_options->rule_buf_r	:
TOP.6a3cd4e8.000daed8	user_options->session	hashcat
TOP.6a3cd4e8.000daed8	user_options->separator	:
TOP.6a3cd4e8.000daed8	user_options->limit	0
TOP.6a3cd4e8.000daed8	user_options->skip	0
TOP.6a3cd4e8.000daed8	user_options->attack_mode	0
TOP.6a3cd4e8.000daed8	user_options->backend_devices_virtmulti	1
TOP.6a3cd4e8.000daed8	user_options->backend_devices_virthost	1
TOP.6a3cd4e8.000daed8	user_options->backend_devices_keepfree	0
TOP.6a3cd4e8.000daed8	user_options->benchmark	0
TOP.6a3cd4e8.000daed8	user_options->benchmark_all	0
TOP.6a3cd4e8.000daed8	user_options->benchmark_max	99999
TOP.6a3cd4e8.000daed8	user_options->benchmark_min	0
TOP.6a3cd4e8.000daed8	user_options->bitmap_max	18
TOP.6a3cd4e8.000daed8	user_options->bitmap_min	16
TOP.6a3cd4e8.000daed8	user_options->debug_mode	0
TOP.6a3cd4e8.000daed8	user_options->dynamic_x	0
TOP.6a3cd4e8.000daed8	user_options->hash_info	0
TOP.6a3cd4e8.000daed8	user_options->force	0
TOP.6a3cd4e8.000daed8	user_options->hwmon	1
TOP.6a3cd4e8.000daed8	user_options->hwmon_temp_abort	90
TOP.6a3cd4e8.000daed8	user_options->hash_mode	19700
TOP.6a3cd4e8.000daed8	user_options->hex_charset	0
TOP.6a3cd4e8.000daed8	user_options->hex_salt	0
TOP.6a3cd4e8.000daed8	user_options->hex_wordlist	0
TOP.6a3cd4e8.000daed8	user_options->hook_threads	48
TOP.6a3cd4e8.000daed8	user_options->identify	0
TOP.6a3cd4e8.000daed8	user_options->increment	0
TOP.6a3cd4e8.000daed8	user_options->increment_max	256
TOP.6a3cd4e8.000daed8	user_options->increment_min	1
TOP.6a3cd4e8.000daed8	user_options->keep_guessing	0
TOP.6a3cd4e8.000daed8	user_options->kernel_accel	0
TOP.6a3cd4e8.000daed8	user_options->kernel_loops	0
TOP.6a3cd4e8.000daed8	user_options->kernel_threads	0
TOP.6a3cd4e8.000daed8	user_options->keyspace	0
TOP.6a3cd4e8.000daed8	user_options->total_candidates	0
TOP.6a3cd4e8.000daed8	user_options->left	0
TOP.6a3cd4e8.000daed8	user_options->logfile	1
TOP.6a3cd4e8.000daed8	user_options->loopback	0
TOP.6a3cd4e8.000daed8	user_options->machine_readable	0
TOP.6a3cd4e8.000daed8	user_options->markov_classic	0
TOP.6a3cd4e8.000daed8	user_options->markov	1
TOP.6a3cd4e8.000daed8	user_options->markov_inverse	0
TOP.6a3cd4e8.000daed8	user_options->markov_threshold	256
TOP.6a3cd4e8.000daed8	user_options->metal_compiler_runtime	120
TOP.6a3cd4e8.000daed8	user_options->multiply_accel	1
TOP.6a3cd4e8.000daed8	user_options->backend_info	0
TOP.6a3cd4e8.000daed8	user_options->backend_vector_width	0
TOP.6a3cd4e8.000daed8	user_options->optimized_kernel	0
TOP.6a3cd4e8.000daed8	user_options->outfile_autohex	1
TOP.6a3cd4e8.000daed8	user_options->outfile_check_timer	5
TOP.6a3cd4e8.000daed8	user_options->outfile_format	3
TOP.6a3cd4e8.000daed8	user_options->outfile_json	0
TOP.6a3cd4e8.000daed8	user_options->wordlist_autohex	1
TOP.6a3cd4e8.000daed8	user_options->potfile	1
TOP.6a3cd4e8.000daed8	user_options->progress_only	0
TOP.6a3cd4e8.000daed8	user_options->quiet	0
TOP.6a3cd4e8.000daed8	user_options->remove	0
TOP.6a3cd4e8.000daed8	user_options->remove_timer	60
TOP.6a3cd4e8.000daed8	user_options->restore	0
TOP.6a3cd4e8.000daed8	user_options->restore_enable	1
TOP.6a3cd4e8.000daed8	user_options->restore_timer	1
TOP.6a3cd4e8.000daed8	user_options->rp_files_cnt	1
TOP.6a3cd4e8.000daed8	user_options->rp_gen	0
TOP.6a3cd4e8.000daed8	user_options->rp_gen_func_max	4
TOP.6a3cd4e8.000daed8	user_options->rp_gen_func_min	1
TOP.6a3cd4e8.000daed8	user_options->rp_gen_seed	0
TOP.6a3cd4e8.000daed8	user_options->runtime	0
TOP.6a3cd4e8.000daed8	user_options->scrypt_tmto	0
TOP.6a3cd4e8.000daed8	user_options->segment_size	33554432
TOP.6a3cd4e8.000daed8	user_options->self_test	1
TOP.6a3cd4e8.000daed8	user_options->slow_candidates	0
TOP.6a3cd4e8.000daed8	user_options->show	0
TOP.6a3cd4e8.000daed8	user_options->speed_only	0
TOP.6a3cd4e8.000daed8	user_options->spin_damp	0
TOP.6a3cd4e8.000daed8	user_options->status	1
TOP.6a3cd4e8.000daed8	user_options->status_json	1
TOP.6a3cd4e8.000daed8	user_options->status_timer	1
TOP.6a3cd4e8.000daed8	user_options->stdout_flag	0
TOP.6a3cd4e8.000daed8	user_options->usage	0
TOP.6a3cd4e8.000daed8	user_options->username	0
TOP.6a3cd4e8.000daed8	user_options->veracrypt_pim_start	485
TOP.6a3cd4e8.000daed8	user_options->veracrypt_pim_stop	485
TOP.6a3cd4e8.000daed8	user_options->version	0
TOP.6a3cd4e8.000daed8	user_options->workload_profile	3
TOP.6a3cd4e8.000daed8	user_options->brain_client	0
TOP.6a3cd4e8.000daed8	user_options->brain_client_features	2
TOP.6a3cd4e8.000daed8	user_options->brain_server	0
TOP.6a3cd4e8.000daed8	user_options->brain_server_timer	300
TOP.6a3cd4e8.000daed8	user_options->brain_port	6863
TOP.6a3cd4e8.000daed8	user_options->brain_session	0
TOP.6a3cd4e8.000daed8	hashes->hashfile	C:\Users\user\Desktop\pcap_analysis\br1000_20260625_072029_krb5tgs_priority.txt
TOP.6a3cd4e8.000daed8	hashes->hashlist_mode	5
TOP.6a3cd4e8.000daed8	hashes->hashlist_format	0
TOP.6a3cd4e8.000daed8	hashes->hashes_cnt	0
TOP.6a3cd4e8.000daed8	hashes->digests_cnt	3
TOP.6a3cd4e8.000daed8	hashes->digests_done_pot	0
TOP.6a3cd4e8.000daed8	hashes->digests_done_zero	0
TOP.6a3cd4e8.000daed8	hashes->digests_done	0
TOP.6a3cd4e8.000daed8	hashes->salts_cnt	3
TOP.6a3cd4e8.000daed8	hashes->salts_done	0
TOP.6a3cd4e8.000daed8	SUB.6a3cd4e9.0000fba0	START
TOP.6a3cd4e8.000daed8	SUB.6a3cd4e9.0000fba0	straight_ctx->dict	C:\Users\user\Desktop\pcap_analysis\dictionary\rockyou.txt
TOP.6a3cd4e8.000daed8	SUB.6a3cd4e9.0000fba0	rulefile	C:\Users\user\Desktop\pcap_analysis\hashcat\rules\T0XlCv2.rule
TOP.6a3cd6d6.000928ea	START
TOP.6a3cd6d6.000928ea	folder_config->cwd	C:\Users\user\Desktop\pcap_analysis\hashcat
TOP.6a3cd6d6.000928ea	folder_config->install_dir	.
TOP.6a3cd6d6.000928ea	folder_config->profile_dir	.
TOP.6a3cd6d6.000928ea	folder_config->session_dir	.
TOP.6a3cd6d6.000928ea	folder_config->shared_dir	.
TOP.6a3cd6d6.000928ea	user_options->encoding_from	utf-8
TOP.6a3cd6d6.000928ea	user_options->encoding_to	utf-8
TOP.6a3cd6d6.000928ea	user_options->outfile	C:\Users\user\Desktop\pcap_analysis\job1.out
TOP.6a3cd6d6.000928ea	user_options->potfile_path	C:\Users\user\Desktop\pcap_analysis\job1.potfile
TOP.6a3cd6d6.000928ea	user_options->rule_buf_l	:
TOP.6a3cd6d6.000928ea	user_options->rule_buf_r	:
TOP.6a3cd6d6.000928ea	user_options->session	hashcat
TOP.6a3cd6d6.000928ea	user_options->separator	:
TOP.6a3cd6d6.000928ea	user_options->limit	0
TOP.6a3cd6d6.000928ea	user_options->skip	0
TOP.6a3cd6d6.000928ea	user_options->attack_mode	3
TOP.6a3cd6d6.000928ea	user_options->backend_devices_virtmulti	1
TOP.6a3cd6d6.000928ea	user_options->backend_devices_virthost	1
TOP.6a3cd6d6.000928ea	user_options->backend_devices_keepfree	0
TOP.6a3cd6d6.000928ea	user_options->benchmark	0
TOP.6a3cd6d6.000928ea	user_options->benchmark_all	0
TOP.6a3cd6d6.000928ea	user_options->benchmark_max	99999
TOP.6a3cd6d6.000928ea	user_options->benchmark_min	0
TOP.6a3cd6d6.000928ea	user_options->bitmap_max	18
TOP.6a3cd6d6.000928ea	user_options->bitmap_min	16
TOP.6a3cd6d6.000928ea	user_options->debug_mode	0
TOP.6a3cd6d6.000928ea	user_options->dynamic_x	0
TOP.6a3cd6d6.000928ea	user_options->hash_info	0
TOP.6a3cd6d6.000928ea	user_options->force	0
TOP.6a3cd6d6.000928ea	user_options->hwmon	1
TOP.6a3cd6d6.000928ea	user_options->hwmon_temp_abort	90
TOP.6a3cd6d6.000928ea	user_options->hash_mode	5600
TOP.6a3cd6d6.000928ea	user_options->hex_charset	0
TOP.6a3cd6d6.000928ea	user_options->hex_salt	0
TOP.6a3cd6d6.000928ea	user_options->hex_wordlist	0
TOP.6a3cd6d6.000928ea	user_options->hook_threads	48
TOP.6a3cd6d6.000928ea	user_options->identify	0
TOP.6a3cd6d6.000928ea	user_options->increment	0
TOP.6a3cd6d6.000928ea	user_options->increment_max	256
TOP.6a3cd6d6.000928ea	user_options->increment_min	1
TOP.6a3cd6d6.000928ea	user_options->keep_guessing	0
TOP.6a3cd6d6.000928ea	user_options->kernel_accel	0
TOP.6a3cd6d6.000928ea	user_options->kernel_loops	0
TOP.6a3cd6d6.000928ea	user_options->kernel_threads	0
TOP.6a3cd6d6.000928ea	user_options->keyspace	0
TOP.6a3cd6d6.000928ea	user_options->total_candidates	0
TOP.6a3cd6d6.000928ea	user_options->left	0
TOP.6a3cd6d6.000928ea	user_options->logfile	1
TOP.6a3cd6d6.000928ea	user_options->loopback	0
TOP.6a3cd6d6.000928ea	user_options->machine_readable	0
TOP.6a3cd6d6.000928ea	user_options->markov_classic	0
TOP.6a3cd6d6.000928ea	user_options->markov	1
TOP.6a3cd6d6.000928ea	user_options->markov_inverse	0
TOP.6a3cd6d6.000928ea	user_options->markov_threshold	256
TOP.6a3cd6d6.000928ea	user_options->metal_compiler_runtime	120
TOP.6a3cd6d6.000928ea	user_options->multiply_accel	1
TOP.6a3cd6d6.000928ea	user_options->backend_info	0
TOP.6a3cd6d6.000928ea	user_options->backend_vector_width	0
TOP.6a3cd6d6.000928ea	user_options->optimized_kernel	0
TOP.6a3cd6d6.000928ea	user_options->outfile_autohex	1
TOP.6a3cd6d6.000928ea	user_options->outfile_check_timer	5
TOP.6a3cd6d6.000928ea	user_options->outfile_format	3
TOP.6a3cd6d6.000928ea	user_options->outfile_json	0
TOP.6a3cd6d6.000928ea	user_options->wordlist_autohex	1
TOP.6a3cd6d6.000928ea	user_options->potfile	1
TOP.6a3cd6d6.000928ea	user_options->progress_only	0
TOP.6a3cd6d6.000928ea	user_options->quiet	0
TOP.6a3cd6d6.000928ea	user_options->remove	0
TOP.6a3cd6d6.000928ea	user_options->remove_timer	60
TOP.6a3cd6d6.000928ea	user_options->restore	0
TOP.6a3cd6d6.000928ea	user_options->restore_enable	1
TOP.6a3cd6d6.000928ea	user_options->restore_timer	1
TOP.6a3cd6d6.000928ea	user_options->rp_files_cnt	0
TOP.6a3cd6d6.000928ea	user_options->rp_gen	0
TOP.6a3cd6d6.000928ea	user_options->rp_gen_func_max	4
TOP.6a3cd6d6.000928ea	user_options->rp_gen_func_min	1
TOP.6a3cd6d6.000928ea	user_options->rp_gen_seed	0
TOP.6a3cd6d6.000928ea	user_options->runtime	0
TOP.6a3cd6d6.000928ea	user_options->scrypt_tmto	0
TOP.6a3cd6d6.000928ea	user_options->segment_size	33554432
TOP.6a3cd6d6.000928ea	user_options->self_test	1
TOP.6a3cd6d6.000928ea	user_options->slow_candidates	0
TOP.6a3cd6d6.000928ea	user_options->show	0
TOP.6a3cd6d6.000928ea	user_options->speed_only	0
TOP.6a3cd6d6.000928ea	user_options->spin_damp	0
TOP.6a3cd6d6.000928ea	user_options->status	1
TOP.6a3cd6d6.000928ea	user_options->status_json	1
TOP.6a3cd6d6.000928ea	user_options->status_timer	1
TOP.6a3cd6d6.000928ea	user_options->stdout_flag	0
TOP.6a3cd6d6.000928ea	user_options->usage	0
TOP.6a3cd6d6.000928ea	user_options->username	0
TOP.6a3cd6d6.000928ea	user_options->veracrypt_pim_start	485
TOP.6a3cd6d6.000928ea	user_options->veracrypt_pim_stop	485
TOP.6a3cd6d6.000928ea	user_options->version	0
TOP.6a3cd6d6.000928ea	user_options->workload_profile	3
TOP.6a3cd6d6.000928ea	user_options->brain_client	0
TOP.6a3cd6d6.000928ea	user_options->brain_client_features	2
TOP.6a3cd6d6.000928ea	user_options->brain_server	0
TOP.6a3cd6d6.000928ea	user_options->brain_server_timer	300
TOP.6a3cd6d6.000928ea	user_options->brain_port	6863
TOP.6a3cd6d6.000928ea	user_options->brain_session	0
TOP.6a3cd6d6.000928ea	hashes->hashfile	C:\Users\user\Desktop\pcap_analysis\lab_capture_netntlmv2.txt
TOP.6a3cd6d6.000928ea	hashes->hashlist_mode	5
TOP.6a3cd6d6.000928ea	hashes->hashlist_format	0
TOP.6a3cd6d6.000928ea	hashes->hashes_cnt	0
TOP.6a3cd6d6.000928ea	hashes->digests_cnt	1
TOP.6a3cd6d6.000928ea	hashes->digests_done_pot	0
TOP.6a3cd6d6.000928ea	hashes->digests_done_zero	0
TOP.6a3cd6d6.000928ea	hashes->digests_done	0
TOP.6a3cd6d6.000928ea	hashes->salts_cnt	1
TOP.6a3cd6d6.000928ea	hashes->salts_done	0
TOP.6a3cd6d6.000928ea	SUB.6a3cd6d7.000c9219	START
TOP.6a3cd6d6.000928ea	SUB.6a3cd6d7.000c9219	mask_ctx->mask	?a?a?a?a?a?a
TOP.6a3cd769.0002340e	START
TOP.6a3cd769.0002340e	folder_config->cwd	C:\Users\user\Desktop\pcap_analysis\hashcat
TOP.6a3cd769.0002340e	folder_config->install_dir	.
TOP.6a3cd769.0002340e	folder_config->profile_dir	.
TOP.6a3cd769.0002340e	folder_config->session_dir	.
TOP.6a3cd769.0002340e	folder_config->shared_dir	.
TOP.6a3cd769.0002340e	user_options->encoding_from	utf-8
TOP.6a3cd769.0002340e	user_options->encoding_to	utf-8
TOP.6a3cd769.0002340e	user_options->outfile	C:\Users\user\Desktop\pcap_analysis\job1.out
TOP.6a3cd769.0002340e	user_options->potfile_path	C:\Users\user\Desktop\pcap_analysis\job1.potfile
TOP.6a3cd769.0002340e	user_options->rp_files[0]	C:\Users\user\Desktop\pcap_analysis\hashcat\rules\best66.rule
TOP.6a3cd769.0002340e	user_options->rule_buf_l	:
TOP.6a3cd769.0002340e	user_options->rule_buf_r	:
TOP.6a3cd769.0002340e	user_options->session	hashcat
TOP.6a3cd769.0002340e	user_options->separator	:
TOP.6a3cd769.0002340e	user_options->limit	0
TOP.6a3cd769.0002340e	user_options->skip	0
TOP.6a3cd769.0002340e	user_options->attack_mode	0
TOP.6a3cd769.0002340e	user_options->backend_devices_virtmulti	1
TOP.6a3cd769.0002340e	user_options->backend_devices_virthost	1
TOP.6a3cd769.0002340e	user_options->backend_devices_keepfree	0
TOP.6a3cd769.0002340e	user_options->benchmark	0
TOP.6a3cd769.0002340e	user_options->benchmark_all	0
TOP.6a3cd769.0002340e	user_options->benchmark_max	99999
TOP.6a3cd769.0002340e	user_options->benchmark_min	0
TOP.6a3cd769.0002340e	user_options->bitmap_max	18
TOP.6a3cd769.0002340e	user_options->bitmap_min	16
TOP.6a3cd769.0002340e	user_options->debug_mode	0
TOP.6a3cd769.0002340e	user_options->dynamic_x	0
TOP.6a3cd769.0002340e	user_options->hash_info	0
TOP.6a3cd769.0002340e	user_options->force	0
TOP.6a3cd769.0002340e	user_options->hwmon	1
TOP.6a3cd769.0002340e	user_options->hwmon_temp_abort	90
TOP.6a3cd769.0002340e	user_options->hash_mode	19700
TOP.6a3cd769.0002340e	user_options->hex_charset	0
TOP.6a3cd769.0002340e	user_options->hex_salt	0
TOP.6a3cd769.0002340e	user_options->hex_wordlist	0
TOP.6a3cd769.0002340e	user_options->hook_threads	48
TOP.6a3cd769.0002340e	user_options->identify	0
TOP.6a3cd769.0002340e	user_options->increment	0
TOP.6a3cd769.0002340e	user_options->increment_max	256
TOP.6a3cd769.0002340e	user_options->increment_min	1
TOP.6a3cd769.0002340e	user_options->keep_guessing	0
TOP.6a3cd769.0002340e	user_options->kernel_accel	0
TOP.6a3cd769.0002340e	user_options->kernel_loops	0
TOP.6a3cd769.0002340e	user_options->kernel_threads	0
TOP.6a3cd769.0002340e	user_options->keyspace	0
TOP.6a3cd769.0002340e	user_options->total_candidates	0
TOP.6a3cd769.0002340e	user_options->left	0
TOP.6a3cd769.0002340e	user_options->logfile	1
TOP.6a3cd769.0002340e	user_options->loopback	0
TOP.6a3cd769.0002340e	user_options->machine_readable	0
TOP.6a3cd769.0002340e	user_options->markov_classic	0
TOP.6a3cd769.0002340e	user_options->markov	1
TOP.6a3cd769.0002340e	user_options->markov_inverse	0
TOP.6a3cd769.0002340e	user_options->markov_threshold	256
TOP.6a3cd769.0002340e	user_options->metal_compiler_runtime	120
TOP.6a3cd769.0002340e	user_options->multiply_accel	1
TOP.6a3cd769.0002340e	user_options->backend_info	0
TOP.6a3cd769.0002340e	user_options->backend_vector_width	0
TOP.6a3cd769.0002340e	user_options->optimized_kernel	0
TOP.6a3cd769.0002340e	user_options->outfile_autohex	1
TOP.6a3cd769.0002340e	user_options->outfile_check_timer	5
TOP.6a3cd769.0002340e	user_options->outfile_format	3
TOP.6a3cd769.0002340e	user_options->outfile_json	0
TOP.6a3cd769.0002340e	user_options->wordlist_autohex	1
TOP.6a3cd769.0002340e	user_options->potfile	1
TOP.6a3cd769.0002340e	user_options->progress_only	0
TOP.6a3cd769.0002340e	user_options->quiet	0
TOP.6a3cd769.0002340e	user_options->remove	0
TOP.6a3cd769.0002340e	user_options->remove_timer	60
TOP.6a3cd769.0002340e	user_options->restore	0
TOP.6a3cd769.0002340e	user_options->restore_enable	1
TOP.6a3cd769.0002340e	user_options->restore_timer	1
TOP.6a3cd769.0002340e	user_options->rp_files_cnt	1
TOP.6a3cd769.0002340e	user_options->rp_gen	0
TOP.6a3cd769.0002340e	user_options->rp_gen_func_max	4
TOP.6a3cd769.0002340e	user_options->rp_gen_func_min	1
TOP.6a3cd769.0002340e	user_options->rp_gen_seed	0
TOP.6a3cd769.0002340e	user_options->runtime	0
TOP.6a3cd769.0002340e	user_options->scrypt_tmto	0
TOP.6a3cd769.0002340e	user_options->segment_size	33554432
TOP.6a3cd769.0002340e	user_options->self_test	1
TOP.6a3cd769.0002340e	user_options->slow_candidates	0
TOP.6a3cd769.0002340e	user_options->show	0
TOP.6a3cd769.0002340e	user_options->speed_only	0
TOP.6a3cd769.0002340e	user_options->spin_damp	0
TOP.6a3cd769.0002340e	user_options->status	1
TOP.6a3cd769.0002340e	user_options->status_json	1
TOP.6a3cd769.0002340e	user_options->status_timer	1
TOP.6a3cd769.0002340e	user_options->stdout_flag	0
TOP.6a3cd769.0002340e	user_options->usage	0
TOP.6a3cd769.0002340e	user_options->username	0
TOP.6a3cd769.0002340e	user_options->veracrypt_pim_start	485
TOP.6a3cd769.0002340e	user_options->veracrypt_pim_stop	485
TOP.6a3cd769.0002340e	user_options->version	0
TOP.6a3cd769.0002340e	user_options->workload_profile	3
TOP.6a3cd769.0002340e	user_options->brain_client	0
TOP.6a3cd769.0002340e	user_options->brain_client_features	2
TOP.6a3cd769.0002340e	user_options->brain_server	0
TOP.6a3cd769.0002340e	user_options->brain_server_timer	300
TOP.6a3cd769.0002340e	user_options->brain_port	6863
TOP.6a3cd769.0002340e	user_options->brain_session	0
TOP.6a3cd769.0002340e	hashes->hashfile	C:\Users\user\Desktop\pcap_analysis\br1000_20260625_072029_krb5tgs_priority.txt
TOP.6a3cd769.0002340e	hashes->hashlist_mode	5
TOP.6a3cd769.0002340e	hashes->hashlist_format	0
TOP.6a3cd769.0002340e	hashes->hashes_cnt	0
TOP.6a3cd769.0002340e	hashes->digests_cnt	3
TOP.6a3cd769.0002340e	hashes->digests_done_pot	0
TOP.6a3cd769.0002340e	hashes->digests_done_zero	0
TOP.6a3cd769.0002340e	hashes->digests_done	0
TOP.6a3cd769.0002340e	hashes->salts_cnt	3
TOP.6a3cd769.0002340e	hashes->salts_done	0
TOP.6a3cd769.0002340e	SUB.6a3cd769.00049485	START
TOP.6a3cd769.0002340e	SUB.6a3cd769.00049485	straight_ctx->dict	C:\Users\user\Desktop\pcap_analysis\dictionary\rockyou.txt
TOP.6a3cd769.0002340e	SUB.6a3cd769.00049485	rulefile	C:\Users\user\Desktop\pcap_analysis\hashcat\rules\best66.rule
TOP.6a3cd769.0002340e	SUB.6a3cd769.00049485	runtime_start	1782372203
TOP.6a3cd769.0002340e	SUB.6a3cd769.00049485	runtime_stop	1782374977
TOP.6a3cd769.0002340e	SUB.6a3cd769.00049485	hashes->digests_done_new	0
TOP.6a3cd769.0002340e	SUB.6a3cd769.00049485	status-after-work	5
TOP.6a3cd769.0002340e	SUB.6a3cd769.00049485	STOP
TOP.6a3cd769.0002340e	proc_start	1782372201
TOP.6a3cd769.0002340e	proc_stop	1782374978
TOP.6a3cd769.0002340e	STOP
